<?xml version="1.0" encoding="UTF-8"?>
<testsuite xmlns:xsi="http://www.w3.org/2001/XMLSchema-instance" xsi:noNamespaceSchemaLocation="https://maven.apache.org/surefire/maven-surefire-plugin/xsd/surefire-test-report-3.0.xsd" version="3.0" name="com.project.warehouse_management_system.TestModels" time="5.123" tests="4" errors="0" skipped="0" failures="0">
  <properties>
[...]
</properties>
  <testcase name="testDeleteLocation" classname="com.project.warehouse_management_system.TestModels" time="0.578">
    <system-out><![CDATA[08:13:42.423 [main] INFO org.springframework.test.context.support.AnnotationConfigContextLoaderUtils -- Could not detect default configuration classes for test class [com.project.warehouse_management_system.TestModels]: TestModels does not declare any static, non-private, non-final, nested classes annotated with @Configuration.
08:13:42.594 [main] INFO org.springframework.boot.test.context.SpringBootTestContextBootstrapper -- Found @SpringBootConfiguration com.project.warehouse_management_system.WarehouseManagementSystemApplication for test class com.project.warehouse_management_system.TestModels

  .   ____          _            __ _ _
 /\\ / ___'_ __ _ _(_)_ __  __ _ \ \ \ \
( ( )\___ | '_ | '_| | '_ \/ _` | \ \ \ \
 \\/  ___)| |_)| | | | | || (_| |  ) ) ) )
  '  |____| .__|_| |_|_| |_\__, | / / / /
 =========|_|==============|___/=/_/_/_/

 :: Spring Boot ::                (v3.3.5)

2024-11-17T08:13:43.167+03:00  INFO 21396 --- [warehouse_management_system] [           main] c.p.w.TestModels                         : Starting TestModels using Java 21.0.2 with PID 21396 (started by thelo in C:\Users\thelo\IdeaProjects\warehouse_management_system)
2024-11-17T08:13:43.169+03:00  INFO 21396 --- [warehouse_management_system] [           main] c.p.w.TestModels                         : The following 1 profile is active: "test"
2024-11-17T08:13:43.686+03:00  INFO 21396 --- [warehouse_management_system] [           main] .s.d.r.c.RepositoryConfigurationDelegate : Multiple Spring Data modules found, entering strict repository configuration mode
2024-11-17T08:13:43.687+03:00  INFO 21396 --- [warehouse_management_system] [           main] .s.d.r.c.RepositoryConfigurationDelegate : Bootstrapping Spring Data JPA repositories in DEFAULT mode.
2024-11-17T08:13:43.789+03:00  INFO 21396 --- [warehouse_management_system] [           main] .s.d.r.c.RepositoryConfigurationDelegate : Finished Spring Data repository scanning in 91 ms. Found 8 JPA repository interfaces.
2024-11-17T08:13:43.884+03:00  INFO 21396 --- [warehouse_management_system] [           main] beddedDataSourceBeanFactoryPostProcessor : Replacing 'dataSource' DataSource bean with embedded version
2024-11-17T08:13:44.176+03:00  INFO 21396 --- [warehouse_management_system] [           main] o.s.j.d.e.EmbeddedDatabaseFactory        : Starting embedded database: url='jdbc:h2:mem:70b0654d-79c9-48d5-a605-57551154d5ba;DB_CLOSE_DELAY=-1;DB_CLOSE_ON_EXIT=false', username='sa'
2024-11-17T08:13:44.553+03:00  INFO 21396 --- [warehouse_management_system] [           main] o.hibernate.jpa.internal.util.LogHelper  : HHH000204: Processing PersistenceUnitInfo [name: default]
2024-11-17T08:13:44.664+03:00  INFO 21396 --- [warehouse_management_system] [           main] org.hibernate.Version                    : HHH000412: Hibernate ORM core version 6.5.3.Final
2024-11-17T08:13:44.705+03:00  INFO 21396 --- [warehouse_management_system] [           main] o.h.c.internal.RegionFactoryInitiator    : HHH000026: Second-level cache disabled
2024-11-17T08:13:45.066+03:00  INFO 21396 --- [warehouse_management_system] [           main] o.s.o.j.p.SpringPersistenceUnitInfo      : No LoadTimeWeaver setup: ignoring JPA class transformer
2024-11-17T08:13:45.136+03:00  WARN 21396 --- [warehouse_management_system] [           main] org.hibernate.orm.deprecation            : HHH90000025: H2Dialect does not need to be specified explicitly using 'hibernate.dialect' (remove the property setting and it will be selected by default)
2024-11-17T08:13:46.119+03:00  INFO 21396 --- [warehouse_management_system] [           main] o.h.e.t.j.p.i.JtaPlatformInitiator       : HHH000489: No JTA platform available (set 'hibernate.transaction.jta.platform' to enable JTA platform integration)
Hibernate: drop table if exists line cascade 
Hibernate: drop table if exists locations cascade 
Hibernate: drop table if exists package cascade 
Hibernate: drop table if exists product cascade 
Hibernate: drop table if exists section cascade 
Hibernate: drop table if exists section_of_shelf cascade 
Hibernate: drop table if exists shelf cascade 
Hibernate: drop table if exists ware_house cascade 
Hibernate: create table line (created_at timestamp(6) not null, id bigint generated by default as identity, last_modified timestamp(6), ware_house_id bigint, "line-name" varchar(255) not null, primary key (id))
Hibernate: create table locations (created_at timestamp(6) not null, id bigint generated by default as identity, last_modified timestamp(6), latitude varchar(255) not null, "location-name" varchar(255) not null unique, longitude varchar(255) not null, primary key (id))
Hibernate: create table package (maximum_capacity integer not null, quantity integer not null, created_at timestamp(6) not null, id bigint generated by default as identity, last_modified timestamp(6), product_id bigint, section_of_shelf_id bigint, "package-name" varchar(255) not null, primary key (id))
Hibernate: create table product (expiry_date date, is_active boolean not null, is_hazardous boolean not null, manufacturing_date date, quantity_in_stock integer not null, reorder_threshold integer not null, unit_price numeric(38,2) not null, weight float(53) not null, created_at timestamp(6) not null, id bigint generated by default as identity, last_modified timestamp(6), description varchar(1000), batch_number varchar(255), category varchar(255), image_url varchar(255), name varchar(255) not null, storage_location varchar(255), supplier_contact varchar(255), supplier_name varchar(255), primary key (id))
Hibernate: create table section (created_at timestamp(6) not null, id bigint generated by default as identity, last_modified timestamp(6), line_id bigint, "ware-house-name" varchar(255) not null, primary key (id))
Hibernate: create table section_of_shelf (created_at timestamp(6) not null, id bigint generated by default as identity, last_modified timestamp(6), shelf_id bigint, "ware-house-name" varchar(255) not null, primary key (id))
Hibernate: create table shelf (created_at timestamp(6) not null, id bigint generated by default as identity, last_modified timestamp(6), section_id bigint, "ware-house-name" varchar(255) not null, primary key (id))
Hibernate: create table ware_house (created_at timestamp(6) not null, id bigint generated by default as identity, last_modified timestamp(6), location_id bigint, "ware-house-name" varchar(255) not null, primary key (id))
Hibernate: alter table if exists line add constraint FK4dsjggkuh1iv5o7hxnsu5py9j foreign key (ware_house_id) references ware_house
Hibernate: alter table if exists package add constraint FKinuhpqerd49iykyqmpqjn5w31 foreign key (product_id) references product
Hibernate: alter table if exists package add constraint FK7tsr2j6196mc5w9ju8d7x85lk foreign key (section_of_shelf_id) references section_of_shelf
Hibernate: alter table if exists section add constraint FKlfhpg8lrvyr948juittt221ux foreign key (line_id) references line
Hibernate: alter table if exists section_of_shelf add constraint FKl1tt6u2x0q9v0iap4t6r0s1aw foreign key (shelf_id) references shelf
Hibernate: alter table if exists shelf add constraint FKqqiyfbbunamkx0dauqviijifw foreign key (section_id) references section
Hibernate: alter table if exists ware_house add constraint FKjhkh2y1lj4491uex7xg5jqavj foreign key (location_id) references locations
2024-11-17T08:13:46.173+03:00  INFO 21396 --- [warehouse_management_system] [           main] j.LocalContainerEntityManagerFactoryBean : Initialized JPA EntityManagerFactory for persistence unit 'default'
2024-11-17T08:13:46.566+03:00  INFO 21396 --- [warehouse_management_system] [           main] c.p.w.TestModels                         : Started TestModels in 3.868 seconds (process running for 5.241)
Hibernate: insert into locations (created_at,latitude,"location-name",longitude,id) values (?,?,?,?,default)
]]></system-out>
  </testcase>
  <testcase name="testGetAllLocations" classname="com.project.warehouse_management_system.TestModels" time="0.124">
    <system-out><![CDATA[Hibernate: insert into locations (created_at,latitude,"location-name",longitude,id) values (?,?,?,?,default)
Hibernate: insert into locations (created_at,latitude,"location-name",longitude,id) values (?,?,?,?,default)
Hibernate: select l1_0.id,l1_0.created_at,l1_0.last_modified,l1_0.latitude,l1_0."location-name",l1_0.longitude from locations l1_0
]]></system-out>
  </testcase>
  <testcase name="testCreateLocation" classname="com.project.warehouse_management_system.TestModels" time="0.015">
    <system-out><![CDATA[Hibernate: insert into locations (created_at,latitude,"location-name",longitude,id) values (?,?,?,?,default)
]]></system-out>
  </testcase>
  <testcase name="testCreateNewList" classname="com.project.warehouse_management_system.TestModels" time="0.008">
    <system-out><![CDATA[Hibernate: insert into locations (created_at,latitude,"location-name",longitude,id) values (?,?,?,?,default)
Hibernate: insert into locations (created_at,latitude,"location-name",longitude,id) values (?,?,?,?,default)
Hibernate: select l1_0.id,l1_0.created_at,l1_0.last_modified,l1_0.latitude,l1_0."location-name",l1_0.longitude from locations l1_0
]]></system-out>
  </testcase>
</testsuite>