<?xml version="1.0" encoding="UTF-8"?>
<testsuite xmlns:xsi="http://www.w3.org/2001/XMLSchema-instance" xsi:noNamespaceSchemaLocation="https://maven.apache.org/surefire/maven-surefire-plugin/xsd/surefire-test-report-3.0.xsd" version="3.0" name="com.project.library_management_system.controller.BookControllerTest" time="6.441" tests="7" errors="0" skipped="0" failures="0">
  <properties>
[...]
</properties>
  <testcase name="testGetBookByIdNotFound" classname="com.project.library_management_system.controller.BookControllerTest" time="0.577">
    <system-out><![CDATA[05:31:44.329 [main] INFO org.springframework.test.context.support.AnnotationConfigContextLoaderUtils -- Could not detect default configuration classes for test class [com.project.library_management_system.controller.BookControllerTest]: BookControllerTest does not declare any static, non-private, non-final, nested classes annotated with @Configuration.
05:31:44.577 [main] INFO org.springframework.boot.test.context.SpringBootTestContextBootstrapper -- Found @SpringBootConfiguration com.project.library_management_system.LibraryManagementSystem for test class com.project.library_management_system.controller.BookControllerTest

  .   ____          _            __ _ _
 /\\ / ___'_ __ _ _(_)_ __  __ _ \ \ \ \
( ( )\___ | '_ | '_| | '_ \/ _` | \ \ \ \
 \\/  ___)| |_)| | | | | || (_| |  ) ) ) )
  '  |____| .__|_| |_|_| |_\__, | / / / /
 =========|_|==============|___/=/_/_/_/

 :: Spring Boot ::                (v3.3.5)

2025-03-13T05:31:45.175+03:00  INFO 25824 --- [library_management_system] [           main] c.p.l.controller.BookControllerTest      : Starting BookControllerTest using Java 21.0.2 with PID 25824 (started by thelo in C:\Users\thelo\IdeaProjects\LibraryManagementSystem)
2025-03-13T05:31:45.177+03:00  INFO 25824 --- [library_management_system] [           main] c.p.l.controller.BookControllerTest      : The following 1 profile is active: "test"
2025-03-13T05:31:49.084+03:00  WARN 25824 --- [library_management_system] [           main] .s.s.UserDetailsServiceAutoConfiguration : 

Using generated security password: a1fd9b4d-3369-45d4-b558-4339b45dfa48

This generated password is for development use only. Your security configuration must be updated before running your application in production.

2025-03-13T05:31:49.173+03:00  INFO 25824 --- [library_management_system] [           main] r$InitializeUserDetailsManagerConfigurer : Global AuthenticationManager configured with UserDetailsService bean with name inMemoryUserDetailsManager
2025-03-13T05:31:49.478+03:00  INFO 25824 --- [library_management_system] [           main] o.s.b.t.m.w.SpringBootMockServletContext : Initializing Spring TestDispatcherServlet ''
2025-03-13T05:31:49.478+03:00  INFO 25824 --- [library_management_system] [           main] o.s.t.web.servlet.TestDispatcherServlet  : Initializing Servlet ''
2025-03-13T05:31:49.481+03:00  INFO 25824 --- [library_management_system] [           main] o.s.t.web.servlet.TestDispatcherServlet  : Completed initialization in 2 ms
2025-03-13T05:31:49.542+03:00  INFO 25824 --- [library_management_system] [           main] c.p.l.controller.BookControllerTest      : Started BookControllerTest in 4.852 seconds (process running for 6.478)
]]></system-out>
    <system-err><![CDATA[WARNING: A Java agent has been loaded dynamically (C:\Users\thelo\.m2\repository\net\bytebuddy\byte-buddy-agent\1.14.19\byte-buddy-agent-1.14.19.jar)
WARNING: If a serviceability tool is in use, please run with -XX:+EnableDynamicAgentLoading to hide this warning
WARNING: If a serviceability tool is not in use, please run with -Djdk.instrument.traceUsage for more information
WARNING: Dynamic loading of agents will be disallowed by default in a future release
]]></system-err>
  </testcase>
  <testcase name="testCreateBookInvalidInput" classname="com.project.library_management_system.controller.BookControllerTest" time="0.225">
    <system-out><![CDATA[2025-03-13T05:31:50.374+03:00  WARN 25824 --- [library_management_system] [           main] .w.s.m.s.DefaultHandlerExceptionResolver : Resolved [org.springframework.web.bind.MethodArgumentNotValidException: Validation failed for argument [0] in public org.springframework.http.ResponseEntity<com.project.library_management_system.Entity.Book> com.project.library_management_system.controller.BookController.addBook(com.project.library_management_system.Entity.Book) with 3 errors: [Field error in object 'book' on field 'title': rejected value [null]; codes [NotBlank.book.title,NotBlank.title,NotBlank.java.lang.String,NotBlank]; arguments [org.springframework.context.support.DefaultMessageSourceResolvable: codes [book.title,title]; arguments []; default message [title]]; default message [Title is required]] [Field error in object 'book' on field 'isbn': rejected value [null]; codes [NotBlank.book.isbn,NotBlank.isbn,NotBlank.java.lang.String,NotBlank]; arguments [org.springframework.context.support.DefaultMessageSourceResolvable: codes [book.isbn,isbn]; arguments []; default message [isbn]]; default message [ISBN is required]] [Field error in object 'book' on field 'author': rejected value [null]; codes [NotBlank.book.author,NotBlank.author,NotBlank.java.lang.String,NotBlank]; arguments [org.springframework.context.support.DefaultMessageSourceResolvable: codes [book.author,author]; arguments []; default message [author]]; default message [Author is required]] ]
]]></system-out>
  </testcase>
  <testcase name="testGetAllBooks" classname="com.project.library_management_system.controller.BookControllerTest" time="0.034"/>
  <testcase name="testUpdateBook" classname="com.project.library_management_system.controller.BookControllerTest" time="0.018"/>
  <testcase name="testGetBookByIdFound" classname="com.project.library_management_system.controller.BookControllerTest" time="0.008"/>
  <testcase name="testCreateBook" classname="com.project.library_management_system.controller.BookControllerTest" time="0.01"/>
  <testcase name="testDeleteBook" classname="com.project.library_management_system.controller.BookControllerTest" time="0.018"/>
</testsuite>